<?xml version="1.0" encoding="UTF-8"?>
<!-- Generated by org.testng.reporters.JUnitReportReporter -->
<testsuite hostname="LAPTOP-FT9RV0AE" failures="0" tests="4" name="api.test.UserTests2" time="5.869" errors="0" timestamp="2024-08-04T01:55:50 IST" skipped="0">
  <testcase classname="api.test.UserTests2" name="testPostUser" time="1.153"/>
  <testcase classname="api.test.UserTests2" name="testGetUser" time="1.190"/>
  <testcase classname="api.test.UserTests2" name="testUpdateUserByName" time="2.373"/>
  <testcase classname="api.test.UserTests2" name="testDeleteUserByName" time="1.153"/>
</testsuite> <!-- api.test.UserTests2 -->
