<?xml version="1.0" encoding="UTF-8"?>
<!-- Generated by org.testng.reporters.JUnitReportReporter -->
<testsuite hostname="LAPTOP-FT9RV0AE" failures="0" tests="6" name="api.test.DDTests" time="10.822" errors="0" timestamp="2024-08-01T01:30:25 IST" skipped="0">
  <testcase classname="api.test.DDTests" name="testPostuser" time="3.102"/>
  <testcase classname="api.test.DDTests" name="testPostuser" time="1.533"/>
  <testcase classname="api.test.DDTests" name="testPostuser" time="1.580"/>
  <testcase classname="api.test.DDTests" name="testDeleteUserByName" time="1.534"/>
  <testcase classname="api.test.DDTests" name="testDeleteUserByName" time="1.540"/>
  <testcase classname="api.test.DDTests" name="testDeleteUserByName" time="1.533"/>
</testsuite> <!-- api.test.DDTests -->
