<?xml version="1.0" encoding="UTF-8"?>
<!-- Generated by org.testng.reporters.JUnitReportReporter -->
<testsuite hostname="LAPTOP-FT9RV0AE" failures="0" tests="4" name="api.test.UserTests" time="7.116" errors="0" timestamp="2024-08-04T01:55:50 IST" skipped="0">
  <testcase classname="api.test.UserTests" name="testPostUser" time="2.396"/>
  <testcase classname="api.test.UserTests" name="testGetUser" time="1.202"/>
  <testcase classname="api.test.UserTests" name="testUpdateUserByName" time="2.384"/>
  <testcase classname="api.test.UserTests" name="testDeleteUserByName" time="1.134"/>
</testsuite> <!-- api.test.UserTests -->
