<?xml version="1.0" encoding="UTF-8"?>
<!-- Generated by org.testng.reporters.JUnitReportReporter -->
<testsuite hostname="LAPTOP-FT9RV0AE" failures="0" tests="4" name="api.test.UserTests" time="6.113" errors="0" timestamp="2024-08-04T02:02:27 IST" skipped="0">
  <testcase classname="api.test.UserTests" name="testPostUser" time="1.270"/>
  <testcase classname="api.test.UserTests" name="testGetUser" time="1.218"/>
  <testcase classname="api.test.UserTests" name="testUpdateUserByName" time="2.403"/>
  <testcase classname="api.test.UserTests" name="testDeleteUserByName" time="1.222"/>
</testsuite> <!-- api.test.UserTests -->
