<?xml version="1.0" encoding="UTF-8"?>
<!-- Generated by org.testng.reporters.JUnitReportReporter -->
<testsuite hostname="LAPTOP-FT9RV0AE" failures="0" tests="6" name="api.test.DDTests" time="9.147" errors="0" timestamp="2024-08-04T02:02:27 IST" skipped="0">
  <testcase classname="api.test.DDTests" name="testPostuser" time="3.457"/>
  <testcase classname="api.test.DDTests" name="testPostuser" time="1.144"/>
  <testcase classname="api.test.DDTests" name="testPostuser" time="1.102"/>
  <testcase classname="api.test.DDTests" name="testDeleteUserByName" time="1.193"/>
  <testcase classname="api.test.DDTests" name="testDeleteUserByName" time="1.095"/>
  <testcase classname="api.test.DDTests" name="testDeleteUserByName" time="1.156"/>
</testsuite> <!-- api.test.DDTests -->
